<?xml version="1.0" encoding="UTF-8"?>
<testng-results ignored="0" total="1" passed="1" failed="0" skipped="0">
  <reporter-output>
  </reporter-output>
  <suite started-at="2023-05-11T13:51:45 IST" name="Default suite" finished-at="2023-05-11T13:51:51 IST" duration-ms="6299">
    <groups>
    </groups>
    <test started-at="2023-05-11T13:51:45 IST" name="Default test" finished-at="2023-05-11T13:51:51 IST" duration-ms="6299">
      <class name="com.luma.qa.testcases.LoginPageTest">
        <test-method is-config="true" signature="setUp()[pri:0, instance:com.luma.qa.testcases.LoginPageTest@51c668e3]" started-at="2023-05-11T13:51:45 IST" name="setUp" finished-at="2023-05-11T13:51:50 IST" duration-ms="4564" status="PASS">
          <reporter-output>
          </reporter-output>
        </test-method> <!-- setUp -->
        <test-method signature="loginPageLandTest()[pri:0, instance:com.luma.qa.testcases.LoginPageTest@51c668e3]" started-at="2023-05-11T13:51:50 IST" name="loginPageLandTest" finished-at="2023-05-11T13:51:51 IST" duration-ms="1682" status="PASS">
          <reporter-output>
          </reporter-output>
        </test-method> <!-- loginPageLandTest -->
      </class> <!-- com.luma.qa.testcases.LoginPageTest -->
    </test> <!-- Default test -->
  </suite> <!-- Default suite -->
</testng-results>
